<?xml version="1.0" encoding="UTF-8"?>
<!-- Generated by org.testng.reporters.JUnitReportReporter -->
<testsuite skipped="0" hostname="DESKTOP-C1OCHCD" name="org.practice.DataProvider" tests="3" failures="0" timestamp="2022-08-29T08:20:17 IST" time="98.525" errors="0">
  <testcase name="tc02" time="42.169" classname="org.practice.DataProvider"/>
  <system-out/>
  <testcase name="tc02" time="26.280" classname="org.practice.DataProvider"/>
  <system-out/>
  <testcase name="tc02" time="30.076" classname="org.practice.DataProvider"/>
  <system-out/>
</testsuite> <!-- org.practice.DataProvider -->
