<?xml version="1.0" encoding="UTF-8"?>
<!-- Generated by org.testng.reporters.JUnitReportReporter -->
<testsuite skipped="0" hostname="DESKTOP-C1OCHCD" name="org.practice.Parameters" tests="1" failures="0" timestamp="2022-09-03T21:49:59 IST" time="17.250" errors="0">
  <testcase name="tc01" time="17.250" classname="org.practice.Parameters"/>
  <system-out/>
</testsuite> <!-- org.practice.Parameters -->
