<?xml version="1.0" encoding="UTF-8"?>
<!-- Generated by org.testng.reporters.JUnitReportReporter -->
<testsuite skipped="1" hostname="DESKTOP-C1OCHCD" name="org.practice.priority" tests="9" failures="0" timestamp="2022-08-29T07:31:43 IST" time="0.064" errors="0">
  <testcase name="tc05" time="0.019" classname="org.practice.priority"/>
  <system-out/>
  <testcase name="tc01" time="0.003" classname="org.practice.priority"/>
  <system-out/>
  <testcase name="tc01" time="0.004" classname="org.practice.priority"/>
  <system-out/>
  <testcase name="tc01" time="0.006" classname="org.practice.priority"/>
  <system-out/>
  <testcase name="tc01" time="0.005" classname="org.practice.priority"/>
  <system-out/>
  <testcase name="tc01" time="0.009" classname="org.practice.priority"/>
  <system-out/>
  <testcase name="tc03" time="0.007" classname="org.practice.priority"/>
  <system-out/>
  <testcase name="tc02" time="0.011" classname="org.practice.priority"/>
  <system-out/>
  <testcase name="tc04" classname="org.practice.priority">
    <skipped/>
  </testcase> <!-- tc04 -->
  <system-out/>
</testsuite> <!-- org.practice.priority -->
