<?xml version="1.0" encoding="UTF-8"?>
<!-- Generated by org.testng.reporters.JUnitReportReporter -->
<testsuite skipped="0" hostname="DESKTOP-C1OCHCD" name="org.practice.Testing1" tests="5" failures="0" timestamp="2022-09-02T08:32:43 IST" time="0.180" errors="0">
  <testcase name="tc03" time="0.037" classname="org.practice.Testing1"/>
  <system-out/>
  <testcase name="tc01" time="0.040" classname="org.practice.Testing1"/>
  <system-out/>
  <testcase name="tc02" time="0.034" classname="org.practice.Testing1"/>
  <system-out/>
  <testcase name="tc05" time="0.040" classname="org.practice.Testing1"/>
  <system-out/>
  <testcase name="tc04" time="0.029" classname="org.practice.Testing1"/>
  <system-out/>
</testsuite> <!-- org.practice.Testing1 -->
