<?xml version="1.0" encoding="UTF-8"?>
<!-- Generated by org.testng.reporters.JUnitReportReporter -->
<testsuite skipped="0" hostname="DESKTOP-C1OCHCD" name="org.practice.Testing3" tests="5" failures="0" timestamp="2022-08-29T07:40:05 IST" time="0.107" errors="0">
  <testcase name="tc04" time="0.005" classname="org.practice.Testing3"/>
  <system-out/>
  <testcase name="tc03" time="0.017" classname="org.practice.Testing3"/>
  <system-out/>
  <testcase name="tc01" time="0.051" classname="org.practice.Testing3"/>
  <system-out/>
  <testcase name="tc02" time="0.031" classname="org.practice.Testing3"/>
  <system-out/>
  <testcase name="tc05" time="0.003" classname="org.practice.Testing3"/>
  <system-out/>
</testsuite> <!-- org.practice.Testing3 -->
