<?xml version="1.0" encoding="UTF-8"?>
<!-- Generated by org.testng.reporters.JUnitReportReporter -->
<testsuite skipped="0" hostname="DESKTOP-C1OCHCD" name="org.practice.FlipkartTask" tests="2" failures="0" timestamp="2022-09-05T00:10:43 IST" time="23.538" errors="0">
  <testcase name="page1" time="23.282" classname="org.practice.FlipkartTask"/>
  <system-out/>
  <testcase name="page2" time="0.256" classname="org.practice.FlipkartTask"/>
  <system-out/>
</testsuite> <!-- org.practice.FlipkartTask -->
